<?xml version="1.0" encoding="UTF-8"?>
<!-- Generated by org.testng.reporters.JUnitXMLReporter -->
<testsuite ignored="0" hostname="Divyamygapula" failures="0" tests="3" name="BankingTests" time="14.787" errors="0" timestamp="2026-03-10T16:01:02 IST">
  <testcase classname="tests.LoginTest" name="verifyLogin" time="1.478"/>
  <testcase classname="tests.BalanceTest" name="checkBalance" time="1.91"/>
  <testcase classname="tests.FundTransferTest" name="verifyTransfer" time="2.206"/>
</testsuite> <!-- BankingTests -->
